[2026-04-01 07:45:09] ============================================================
[2026-04-01 07:45:09] LEAN TRADER ORCHESTRATOR v3 - 24/7 MODE
[2026-04-01 07:45:09] ============================================================
[2026-04-01 07:45:09] 
--- ITERATION 1 ---
[2026-04-01 07:45:09] Fetching market data...
[2026-04-01 07:45:12]   BTCUSDT: OK
[2026-04-01 07:45:15]   ETHUSDT: OK
[2026-04-01 07:45:19]   SOLUSDT: OK
[2026-04-01 07:45:22]   BTC-USD: FAIL
[2026-04-01 07:45:25]   ETH-USD: FAIL
[2026-04-01 07:45:28]   SPY: FAIL
[2026-04-01 07:45:28] Generating strategy...
[2026-04-01 07:45:28]   Generated: MACD_Cross_20260401_074528
[2026-04-01 07:45:28] Running backtest for MACD_Cross_20260401_074528...
[2026-04-01 07:45:28]   Trades=163, WR=69.32%, PF=3.27
[2026-04-01 07:45:28] Evaluating MACD_Cross_20260401_074528...
[2026-04-01 07:45:28]   Verdict: DEPLOY (score=0.86)
[2026-04-01 07:45:28] Committing to GitHub...
[2026-04-01 07:45:28]   Committed: DEPLOY: MACD_Cross_20260401_074528 PF=3.27
[2026-04-01 07:45:29]   Pushed!
[2026-04-01 07:45:29] Iteration 1 done. Sleeping 60s...
[2026-04-01 07:46:29] 
--- ITERATION 2 ---
[2026-04-01 07:46:29] Fetching market data...
[2026-04-01 07:46:32]   BTCUSDT: OK
[2026-04-01 07:46:35]   ETHUSDT: OK
[2026-04-01 07:46:39]   SOLUSDT: OK
[2026-04-01 07:46:42]   BTC-USD: FAIL
[2026-04-01 07:46:45]   ETH-USD: FAIL
[2026-04-01 07:46:48]   SPY: FAIL
[2026-04-01 07:46:48] Generating strategy...
[2026-04-01 07:46:48]   Generated: EMA_Cross_20260401_074648
[2026-04-01 07:46:48] Running backtest for EMA_Cross_20260401_074648...
[2026-04-01 07:46:48]   Trades=123, WR=62.63%, PF=3.24
[2026-04-01 07:46:48] Evaluating EMA_Cross_20260401_074648...
[2026-04-01 07:46:48]   Verdict: DEPLOY (score=0.86)
[2026-04-01 07:46:48] Committing to GitHub...
[2026-04-01 07:46:48]   Committed: DEPLOY: EMA_Cross_20260401_074648 PF=3.24
[2026-04-01 07:46:50]   Pushed!
[2026-04-01 07:46:50] Iteration 2 done. Sleeping 60s...
[2026-04-01 07:47:50] 
--- ITERATION 3 ---
[2026-04-01 07:47:50] Fetching market data...
[2026-04-01 07:47:53]   BTCUSDT: OK
[2026-04-01 07:47:56]   ETHUSDT: OK
[2026-04-01 07:47:59]   SOLUSDT: OK
[2026-04-01 07:48:03]   BTC-USD: FAIL
[2026-04-01 07:48:06]   ETH-USD: FAIL
[2026-04-01 07:48:09]   SPY: FAIL
[2026-04-01 07:48:09] Generating strategy...
[2026-04-01 07:48:09]   Generated: Volume_Surge_20260401_074809
[2026-04-01 07:48:09] Running backtest for Volume_Surge_20260401_074809...
[2026-04-01 07:48:09]   Trades=139, WR=66.17%, PF=4.0
[2026-04-01 07:48:09] Evaluating Volume_Surge_20260401_074809...
[2026-04-01 07:48:09]   Verdict: DEPLOY (score=0.86)
[2026-04-01 07:48:09] Committing to GitHub...
[2026-04-01 07:48:09]   Committed: DEPLOY: Volume_Surge_20260401_074809 PF=4.0
[2026-04-01 07:48:10]   Pushed!
[2026-04-01 07:48:10] Iteration 3 done. Sleeping 60s...
[2026-04-01 07:49:10] 
--- ITERATION 4 ---
[2026-04-01 07:49:10] Fetching market data...
[2026-04-01 07:49:13]   BTCUSDT: OK
[2026-04-01 07:49:17]   ETHUSDT: OK
[2026-04-01 07:49:20]   SOLUSDT: OK
[2026-04-01 07:49:23]   BTC-USD: FAIL
[2026-04-01 07:49:26]   ETH-USD: FAIL
[2026-04-01 07:49:29]   SPY: FAIL
[2026-04-01 07:49:29] Generating strategy...
[2026-04-01 07:49:29]   Generated: EMA_Cross_20260401_074929
[2026-04-01 07:49:29] Running backtest for EMA_Cross_20260401_074929...
[2026-04-01 07:49:29]   Trades=133, WR=66.31%, PF=2.39
[2026-04-01 07:49:29] Evaluating EMA_Cross_20260401_074929...
[2026-04-01 07:49:29]   Verdict: DEPLOY (score=0.86)
[2026-04-01 07:49:29] Committing to GitHub...
[2026-04-01 07:49:29]   Committed: DEPLOY: EMA_Cross_20260401_074929 PF=2.39
[2026-04-01 07:49:30]   Pushed!
[2026-04-01 07:49:30] Iteration 4 done. Sleeping 60s...
[2026-04-01 07:50:46] ============================================================
[2026-04-01 07:50:46] LEAN TRADER ORCHESTRATOR v3 - 24/7 MODE
[2026-04-01 07:50:46] ============================================================
[2026-04-01 07:50:46] 
--- ITERATION 1 ---
[2026-04-01 07:50:46] Fetching market data...
[2026-04-01 07:50:49]   BTCUSDT: OK
[2026-04-01 07:50:52]   ETHUSDT: OK
[2026-04-01 07:50:55]   SOLUSDT: OK
[2026-04-01 07:50:58]   BTC-USD: FAIL
[2026-04-01 07:51:01]   ETH-USD: FAIL
[2026-04-01 07:51:04]   SPY: FAIL
[2026-04-01 07:51:04] Generating strategy...
[2026-04-01 07:51:04]   Generated: Volume_Surge_20260401_075104
[2026-04-01 07:51:04] Running backtest for Volume_Surge_20260401_075104...
[2026-04-01 07:51:04]   Trades=197, WR=53.06%, PF=2.12
[2026-04-01 07:51:04] Evaluating Volume_Surge_20260401_075104...
[2026-04-01 07:51:04]   Verdict: DEPLOY (score=0.86)
[2026-04-01 07:51:04] Committing to GitHub...
