[2026-04-01 14:40:56] ============================================================
[2026-04-01 14:40:56] LEAN TRADER ORCHESTRATOR v3 - 24/7 MODE
[2026-04-01 14:40:56] ============================================================
[2026-04-01 14:40:56] 
--- ITERATION 1 ---
[2026-04-01 14:40:56] Fetching market data...
[2026-04-01 14:40:59]   BTCUSDT: OK
[2026-04-01 14:41:02]   ETHUSDT: OK
[2026-04-01 14:41:06]   SOLUSDT: OK
[2026-04-01 14:41:09]   BTC-USD: FAIL
[2026-04-01 14:41:12]   ETH-USD: FAIL
[2026-04-01 14:41:15]   SPY: FAIL
[2026-04-01 14:41:15] Generating strategy...
[2026-04-01 14:41:15]   Generated: Volume_Surge_20260401_144115
[2026-04-01 14:41:15] Running backtest for Volume_Surge_20260401_144115...
[2026-04-01 14:41:15]   Trades=147, WR=56.68%, PF=2.2
[2026-04-01 14:41:15] Evaluating Volume_Surge_20260401_144115...
[2026-04-01 14:41:15]   Verdict: REFINE (score=0.6)
[2026-04-01 14:41:15] Committing to GitHub...
[2026-04-01 14:41:15]   Committed: REFINE: Volume_Surge_20260401_144115 PF=2.2
[2026-04-01 14:41:17]   Pushed!
[2026-04-01 14:41:17] Iteration 1 done. Sleeping 60s...
[2026-04-01 14:42:17] 
--- ITERATION 2 ---
[2026-04-01 14:42:17] Fetching market data...
[2026-04-01 14:42:20]   BTCUSDT: OK
[2026-04-01 14:42:23]   ETHUSDT: OK
[2026-04-01 14:42:26]   SOLUSDT: OK
[2026-04-01 14:42:29]   BTC-USD: FAIL
[2026-04-01 14:42:38]   ETH-USD: FAIL
[2026-04-01 14:42:41]   SPY: FAIL
[2026-04-01 14:42:41] Generating strategy...
[2026-04-01 14:42:41]   Generated: RSI_Momentum_20260401_144241
[2026-04-01 14:42:41] Running backtest for RSI_Momentum_20260401_144241...
[2026-04-01 14:42:41]   Trades=188, WR=57.75%, PF=1.21
[2026-04-01 14:42:41] Evaluating RSI_Momentum_20260401_144241...
[2026-04-01 14:42:41]   Verdict: REFINE (score=0.6)
[2026-04-01 14:42:41] Committing to GitHub...
[2026-04-01 14:42:41]   Committed: REFINE: RSI_Momentum_20260401_144241 PF=1.21
[2026-04-01 14:42:42]   Pushed!
[2026-04-01 14:42:42] Iteration 2 done. Sleeping 60s...
[2026-04-01 14:43:42] 
--- ITERATION 3 ---
[2026-04-01 14:43:42] Fetching market data...
[2026-04-01 14:43:46]   BTCUSDT: OK
[2026-04-01 14:43:49]   ETHUSDT: OK
[2026-04-01 14:43:52]   SOLUSDT: OK
[2026-04-01 14:43:55]   BTC-USD: FAIL
[2026-04-01 14:43:58]   ETH-USD: FAIL
[2026-04-01 14:44:02]   SPY: FAIL
[2026-04-01 14:44:02] Generating strategy...
[2026-04-01 14:44:02]   Generated: EMA_Cross_20260401_144402
[2026-04-01 14:44:02] Running backtest for EMA_Cross_20260401_144402...
[2026-04-01 14:44:02]   Trades=150, WR=68.27%, PF=3.16
[2026-04-01 14:44:02] Evaluating EMA_Cross_20260401_144402...
[2026-04-01 14:44:02]   Verdict: REFINE (score=0.6)
[2026-04-01 14:44:02] Committing to GitHub...
