[2026-04-01 16:42:23] ============================================================
[2026-04-01 16:42:23] LEAN TRADER ORCHESTRATOR v3 - 24/7 MODE
[2026-04-01 16:42:23] ============================================================
[2026-04-01 16:42:23] 
--- ITERATION 1 ---
[2026-04-01 16:42:23] Fetching market data...
[2026-04-01 16:42:30]   BTCUSDT: OK
[2026-04-01 16:42:37]   ETHUSDT: OK
[2026-04-01 16:42:45]   SOLUSDT: OK
[2026-04-01 16:42:51]   BTC-USD: FAIL
[2026-04-01 16:42:58]   ETH-USD: FAIL
[2026-04-01 16:43:05]   SPY: FAIL
[2026-04-01 16:43:05] Generating strategy...
[2026-04-01 16:43:05]   Generated: RSI_Momentum_20260401_164305
[2026-04-01 16:43:05] Running backtest for RSI_Momentum_20260401_164305...
[2026-04-01 16:43:05]   Trades=187, WR=68.57%, PF=3.34
[2026-04-01 16:43:05] Evaluating RSI_Momentum_20260401_164305...
[2026-04-01 16:43:05]   Verdict: REFINE (score=0.6)
[2026-04-01 16:43:05] Committing to GitHub...
[2026-04-01 16:43:05]   Committed: REFINE: RSI_Momentum_20260401_164305 PF=3.34
[2026-04-01 16:43:07]   Pushed!
[2026-04-01 16:43:07] Iteration 1 done. Sleeping 60s...
[2026-04-01 16:44:07] 
--- ITERATION 2 ---
[2026-04-01 16:44:07] Fetching market data...
[2026-04-01 16:44:15]   BTCUSDT: OK
[2026-04-01 16:44:23]   ETHUSDT: OK
[2026-04-01 16:44:32]   SOLUSDT: OK
[2026-04-01 16:44:39]   BTC-USD: FAIL
[2026-04-01 16:44:46]   ETH-USD: FAIL
[2026-04-01 16:44:53]   SPY: FAIL
[2026-04-01 16:44:53] Generating strategy...
[2026-04-01 16:44:53]   Generated: RSI_Momentum_20260401_164453
[2026-04-01 16:44:53] Running backtest for RSI_Momentum_20260401_164453...
[2026-04-01 16:44:53]   Trades=199, WR=56.52%, PF=1.75
[2026-04-01 16:44:53] Evaluating RSI_Momentum_20260401_164453...
[2026-04-01 16:44:54]   Verdict: DEPLOY (score=0.86)
[2026-04-01 16:44:54] Committing to GitHub...
[2026-04-01 16:44:54]   Committed: DEPLOY: RSI_Momentum_20260401_164453 PF=1.75
[2026-04-01 16:44:56]   Pushed!
[2026-04-01 16:44:56] Iteration 2 done. Sleeping 60s...
[2026-04-01 16:45:56] 
--- ITERATION 3 ---
[2026-04-01 16:45:56] Fetching market data...
[2026-04-01 16:46:04]   BTCUSDT: OK
[2026-04-01 16:46:12]   ETHUSDT: OK
[2026-04-01 16:46:19]   SOLUSDT: OK
[2026-04-01 16:46:24]   BTC-USD: FAIL
[2026-04-01 16:46:30]   ETH-USD: FAIL
[2026-04-01 16:46:38]   SPY: FAIL
[2026-04-01 16:46:38] Generating strategy...
[2026-04-01 16:46:38]   Generated: RSI_Momentum_20260401_164638
[2026-04-01 16:46:38] Running backtest for RSI_Momentum_20260401_164638...
[2026-04-01 16:46:38]   Trades=106, WR=57.99%, PF=4.97
[2026-04-01 16:46:38] Evaluating RSI_Momentum_20260401_164638...
[2026-04-01 16:46:38]   Verdict: REFINE (score=0.6)
[2026-04-01 16:46:38] Committing to GitHub...
[2026-04-01 16:46:38]   Committed: REFINE: RSI_Momentum_20260401_164638 PF=4.97
[2026-04-01 16:46:40]   Pushed!
[2026-04-01 16:46:40] Iteration 3 done. Sleeping 60s...
[2026-04-01 16:47:40] 
--- ITERATION 4 ---
[2026-04-01 16:47:40] Fetching market data...
[2026-04-01 16:47:45]   BTCUSDT: OK
[2026-04-01 16:47:49]   ETHUSDT: OK
[2026-04-01 16:47:52]   SOLUSDT: OK
[2026-04-01 16:47:55]   BTC-USD: FAIL
[2026-04-01 16:47:58]   ETH-USD: FAIL
[2026-04-01 16:48:01]   SPY: FAIL
[2026-04-01 16:48:01] Generating strategy...
[2026-04-01 16:48:01]   Generated: RSI_Momentum_20260401_164801
[2026-04-01 16:48:01] Running backtest for RSI_Momentum_20260401_164801...
[2026-04-01 16:48:01]   Trades=183, WR=62.82%, PF=4.43
[2026-04-01 16:48:01] Evaluating RSI_Momentum_20260401_164801...
[2026-04-01 16:48:01]   Verdict: DEPLOY (score=0.86)
[2026-04-01 16:48:01] Committing to GitHub...
[2026-04-01 16:48:01]   Committed: DEPLOY: RSI_Momentum_20260401_164801 PF=4.43
[2026-04-01 16:48:02]   Pushed!
[2026-04-01 16:48:02] Iteration 4 done. Sleeping 60s...
[2026-04-01 16:49:02] 
--- ITERATION 5 ---
[2026-04-01 16:49:02] Fetching market data...
[2026-04-01 16:49:06]   BTCUSDT: OK
[2026-04-01 16:49:09]   ETHUSDT: OK
[2026-04-01 16:49:12]   SOLUSDT: OK
[2026-04-01 16:49:15]   BTC-USD: FAIL
[2026-04-01 16:49:18]   ETH-USD: FAIL
[2026-04-01 16:49:21]   SPY: FAIL
[2026-04-01 16:49:21] Generating strategy...
[2026-04-01 16:49:21]   Generated: MACD_Cross_20260401_164921
[2026-04-01 16:49:21] Running backtest for MACD_Cross_20260401_164921...
[2026-04-01 16:49:21]   Trades=166, WR=53.0%, PF=2.27
[2026-04-01 16:49:21] Evaluating MACD_Cross_20260401_164921...
[2026-04-01 16:49:21]   Verdict: REFINE (score=0.6)
[2026-04-01 16:49:21] Committing to GitHub...
[2026-04-01 16:49:21]   Committed: REFINE: MACD_Cross_20260401_164921 PF=2.27
[2026-04-01 16:49:22]   Pushed!
[2026-04-01 16:49:22] Iteration 5 done. Sleeping 60s...
[2026-04-01 16:50:22] 
--- ITERATION 6 ---
[2026-04-01 16:50:22] Fetching market data...
[2026-04-01 16:50:25]   BTCUSDT: OK
[2026-04-01 16:50:30]   ETHUSDT: OK
[2026-04-01 16:50:34]   SOLUSDT: OK
[2026-04-01 16:50:38]   BTC-USD: FAIL
[2026-04-01 16:50:42]   ETH-USD: FAIL
[2026-04-01 16:50:46]   SPY: FAIL
[2026-04-01 16:50:46] Generating strategy...
[2026-04-01 16:50:46]   Generated: EMA_Cross_20260401_165046
[2026-04-01 16:50:46] Running backtest for EMA_Cross_20260401_165046...
[2026-04-01 16:50:46]   Trades=126, WR=64.16%, PF=1.44
[2026-04-01 16:50:46] Evaluating EMA_Cross_20260401_165046...
[2026-04-01 16:50:46]   Verdict: REFINE (score=0.6)
[2026-04-01 16:50:46] Committing to GitHub...
[2026-04-01 16:50:46]   Committed: REFINE: EMA_Cross_20260401_165046 PF=1.44
[2026-04-01 16:50:48]   Pushed!
[2026-04-01 16:50:48] Iteration 6 done. Sleeping 60s...
[2026-04-01 16:51:48] 
--- ITERATION 7 ---
[2026-04-01 16:51:48] Fetching market data...
[2026-04-01 16:51:51]   BTCUSDT: OK
[2026-04-01 16:51:54]   ETHUSDT: OK
[2026-04-01 16:51:57]   SOLUSDT: OK
[2026-04-01 16:52:00]   BTC-USD: FAIL
[2026-04-01 16:52:03]   ETH-USD: FAIL
[2026-04-01 16:52:07]   SPY: FAIL
[2026-04-01 16:52:07] Generating strategy...
[2026-04-01 16:52:07]   Generated: Volume_Surge_20260401_165207
[2026-04-01 16:52:07] Running backtest for Volume_Surge_20260401_165207...
[2026-04-01 16:52:07]   Trades=164, WR=65.39%, PF=3.11
[2026-04-01 16:52:07] Evaluating Volume_Surge_20260401_165207...
[2026-04-01 16:52:07]   Verdict: REFINE (score=0.6)
[2026-04-01 16:52:07] Committing to GitHub...
[2026-04-01 16:52:07]   Committed: REFINE: Volume_Surge_20260401_165207 PF=3.11
[2026-04-01 16:52:08]   Pushed!
[2026-04-01 16:52:08] Iteration 7 done. Sleeping 60s...
[2026-04-01 16:53:08] 
--- ITERATION 8 ---
[2026-04-01 16:53:08] Fetching market data...
[2026-04-01 16:53:11]   BTCUSDT: OK
[2026-04-01 16:53:15]   ETHUSDT: OK
[2026-04-01 16:53:18]   SOLUSDT: OK
[2026-04-01 16:53:21]   BTC-USD: FAIL
[2026-04-01 16:53:25]   ETH-USD: FAIL
[2026-04-01 16:53:28]   SPY: FAIL
[2026-04-01 16:53:28] Generating strategy...
[2026-04-01 16:53:28]   Generated: MACD_Cross_20260401_165328
[2026-04-01 16:53:28] Running backtest for MACD_Cross_20260401_165328...
[2026-04-01 16:53:28]   Trades=180, WR=62.41%, PF=1.97
[2026-04-01 16:53:28] Evaluating MACD_Cross_20260401_165328...
[2026-04-01 16:53:28]   Verdict: DEPLOY (score=0.86)
[2026-04-01 16:53:28] Committing to GitHub...
[2026-04-01 16:53:28]   Committed: DEPLOY: MACD_Cross_20260401_165328 PF=1.97
[2026-04-01 16:53:29]   Pushed!
[2026-04-01 16:53:29] Iteration 8 done. Sleeping 60s...
[2026-04-01 16:54:29] 
--- ITERATION 9 ---
[2026-04-01 16:54:29] Fetching market data...
[2026-04-01 16:54:33]   BTCUSDT: OK
[2026-04-01 16:54:36]   ETHUSDT: OK
[2026-04-01 16:54:39]   SOLUSDT: OK
[2026-04-01 16:54:43]   BTC-USD: FAIL
[2026-04-01 16:54:46]   ETH-USD: FAIL
[2026-04-01 16:54:50]   SPY: FAIL
[2026-04-01 16:54:50] Generating strategy...
[2026-04-01 16:54:50]   Generated: BB_Bounce_20260401_165450
[2026-04-01 16:54:50] Running backtest for BB_Bounce_20260401_165450...
[2026-04-01 16:54:50]   Trades=157, WR=55.49%, PF=1.99
[2026-04-01 16:54:50] Evaluating BB_Bounce_20260401_165450...
[2026-04-01 16:54:50]   Verdict: REFINE (score=0.6)
[2026-04-01 16:54:50] Committing to GitHub...
[2026-04-01 16:54:50]   Committed: REFINE: BB_Bounce_20260401_165450 PF=1.99
[2026-04-01 16:54:51]   Pushed!
[2026-04-01 16:54:51] Iteration 9 done. Sleeping 60s...
[2026-04-01 16:55:51] 
--- ITERATION 10 ---
[2026-04-01 16:55:51] Fetching market data...
[2026-04-01 16:55:55]   BTCUSDT: OK