[2026-04-01 07:56:11] ============================================================
[2026-04-01 07:56:11] LEAN TRADER ORCHESTRATOR v3 - 24/7 MODE
[2026-04-01 07:56:11] ============================================================
[2026-04-01 07:56:11] 
--- ITERATION 1 ---
[2026-04-01 07:56:11] Fetching market data...
[2026-04-01 07:56:15]   BTCUSDT: OK
[2026-04-01 07:56:18]   ETHUSDT: OK
[2026-04-01 07:56:21]   SOLUSDT: OK
[2026-04-01 07:56:24]   BTC-USD: FAIL
[2026-04-01 07:56:27]   ETH-USD: FAIL
[2026-04-01 07:56:30]   SPY: FAIL
[2026-04-01 07:56:30] Generating strategy...
[2026-04-01 07:56:30]   Generated: EMA_Cross_20260401_075630
[2026-04-01 07:56:30] Running backtest for EMA_Cross_20260401_075630...
[2026-04-01 07:56:30]   Trades=159, WR=58.66%, PF=2.01
[2026-04-01 07:56:30] Evaluating EMA_Cross_20260401_075630...
[2026-04-01 07:56:30]   Verdict: REFINE (score=0.6)
[2026-04-01 07:56:30] Committing to GitHub...
[2026-04-01 07:56:30]   Committed: REFINE: EMA_Cross_20260401_075630 PF=2.01
[2026-04-01 07:56:32]   Pushed!
[2026-04-01 07:56:32] Iteration 1 done. Sleeping 60s...
[2026-04-01 07:57:32] 
--- ITERATION 2 ---
[2026-04-01 07:57:32] Fetching market data...
[2026-04-01 07:57:35]   BTCUSDT: OK
[2026-04-01 07:57:38]   ETHUSDT: OK
[2026-04-01 07:57:41]   SOLUSDT: OK
[2026-04-01 07:57:45]   BTC-USD: FAIL
[2026-04-01 07:57:47]   ETH-USD: FAIL
[2026-04-01 07:57:50]   SPY: FAIL
[2026-04-01 07:57:50] Generating strategy...
[2026-04-01 07:57:50]   Generated: Volume_Surge_20260401_075750
[2026-04-01 07:57:50] Running backtest for Volume_Surge_20260401_075750...
[2026-04-01 07:57:50]   Trades=155, WR=54.18%, PF=2.61
[2026-04-01 07:57:50] Evaluating Volume_Surge_20260401_075750...
[2026-04-01 07:57:50]   Verdict: REFINE (score=0.6)
[2026-04-01 07:57:50] Committing to GitHub...
[2026-04-01 07:57:50]   Committed: REFINE: Volume_Surge_20260401_075750 PF=2.61
[2026-04-01 07:57:52]   Pushed!
[2026-04-01 07:57:52] Iteration 2 done. Sleeping 60s...
[2026-04-01 07:58:52] 
--- ITERATION 3 ---
[2026-04-01 07:58:52] Fetching market data...
[2026-04-01 07:58:55]   BTCUSDT: OK
[2026-04-01 07:58:58]   ETHUSDT: OK
[2026-04-01 07:59:01]   SOLUSDT: OK
[2026-04-01 07:59:04]   BTC-USD: FAIL
[2026-04-01 07:59:07]   ETH-USD: FAIL
[2026-04-01 07:59:10]   SPY: FAIL
[2026-04-01 07:59:10] Generating strategy...
[2026-04-01 07:59:10]   Generated: RSI_Momentum_20260401_075910
[2026-04-01 07:59:10] Running backtest for RSI_Momentum_20260401_075910...
[2026-04-01 07:59:10]   Trades=89, WR=56.19%, PF=1.96
[2026-04-01 07:59:10] Evaluating RSI_Momentum_20260401_075910...
[2026-04-01 07:59:10]   Verdict: DEPLOY (score=0.86)
[2026-04-01 07:59:10] Committing to GitHub...
[2026-04-01 07:59:10]   Committed: DEPLOY: RSI_Momentum_20260401_075910 PF=1.96
[2026-04-01 07:59:12]   Pushed!
[2026-04-01 07:59:12] Iteration 3 done. Sleeping 60s...
[2026-04-01 08:00:12] 
--- ITERATION 4 ---
[2026-04-01 08:00:12] Fetching market data...
[2026-04-01 08:00:15]   BTCUSDT: OK
[2026-04-01 08:00:19]   ETHUSDT: OK
[2026-04-01 08:00:22]   SOLUSDT: OK
[2026-04-01 08:00:25]   BTC-USD: FAIL
[2026-04-01 08:00:28]   ETH-USD: FAIL
[2026-04-01 08:00:31]   SPY: FAIL
[2026-04-01 08:00:31] Generating strategy...
[2026-04-01 08:00:31]   Generated: RSI_Momentum_20260401_080031
[2026-04-01 08:00:31] Running backtest for RSI_Momentum_20260401_080031...
[2026-04-01 08:00:31]   Trades=158, WR=55.05%, PF=1.92
[2026-04-01 08:00:31] Evaluating RSI_Momentum_20260401_080031...
[2026-04-01 08:00:31]   Verdict: DEPLOY (score=0.86)
[2026-04-01 08:00:31] Committing to GitHub...
[2026-04-01 08:00:31]   Committed: DEPLOY: RSI_Momentum_20260401_080031 PF=1.92
[2026-04-01 08:00:34]   Pushed!
[2026-04-01 08:00:34] Iteration 4 done. Sleeping 60s...
[2026-04-01 08:01:34] 
--- ITERATION 5 ---
[2026-04-01 08:01:34] Fetching market data...
[2026-04-01 08:01:37]   BTCUSDT: OK
[2026-04-01 08:01:40]   ETHUSDT: OK
[2026-04-01 08:01:43]   SOLUSDT: OK
[2026-04-01 08:01:46]   BTC-USD: FAIL
[2026-04-01 08:01:49]   ETH-USD: FAIL
[2026-04-01 08:01:52]   SPY: FAIL
[2026-04-01 08:01:52] Generating strategy...
[2026-04-01 08:01:52]   Generated: EMA_Cross_20260401_080152
[2026-04-01 08:01:52] Running backtest for EMA_Cross_20260401_080152...
[2026-04-01 08:01:52]   Trades=162, WR=55.98%, PF=1.28
[2026-04-01 08:01:52] Evaluating EMA_Cross_20260401_080152...
[2026-04-01 08:01:52]   Verdict: REFINE (score=0.6)
[2026-04-01 08:01:52] Committing to GitHub...
[2026-04-01 08:01:52]   Committed: REFINE: EMA_Cross_20260401_080152 PF=1.28
[2026-04-01 08:01:53]   Pushed!
[2026-04-01 08:01:53] Iteration 5 done. Sleeping 60s...
[2026-04-01 08:02:53] 
--- ITERATION 6 ---
[2026-04-01 08:02:53] Fetching market data...
[2026-04-01 08:02:57]   BTCUSDT: OK
[2026-04-01 08:03:00]   ETHUSDT: OK
[2026-04-01 08:03:03]   SOLUSDT: OK
[2026-04-01 08:03:06]   BTC-USD: FAIL
[2026-04-01 08:03:09]   ETH-USD: FAIL
[2026-04-01 08:03:12]   SPY: FAIL
[2026-04-01 08:03:12] Generating strategy...
[2026-04-01 08:03:12]   Generated: RSI_Momentum_20260401_080312
[2026-04-01 08:03:12] Running backtest for RSI_Momentum_20260401_080312...
[2026-04-01 08:03:12]   Trades=147, WR=69.43%, PF=2.23
[2026-04-01 08:03:12] Evaluating RSI_Momentum_20260401_080312...
[2026-04-01 08:03:12]   Verdict: REFINE (score=0.6)
[2026-04-01 08:03:12] Committing to GitHub...
[2026-04-01 08:03:12]   Committed: REFINE: RSI_Momentum_20260401_080312 PF=2.23
[2026-04-01 08:03:14]   Pushed!
[2026-04-01 08:03:14] Iteration 6 done. Sleeping 60s...
[2026-04-01 08:04:14] 
--- ITERATION 7 ---
[2026-04-01 08:04:14] Fetching market data...
[2026-04-01 08:04:17]   BTCUSDT: OK
[2026-04-01 08:04:20]   ETHUSDT: OK
[2026-04-01 08:04:23]   SOLUSDT: OK
[2026-04-01 08:04:26]   BTC-USD: FAIL
[2026-04-01 08:04:29]   ETH-USD: FAIL
[2026-04-01 08:04:32]   SPY: FAIL
[2026-04-01 08:04:32] Generating strategy...
[2026-04-01 08:04:32]   Generated: Volume_Surge_20260401_080432
[2026-04-01 08:04:32] Running backtest for Volume_Surge_20260401_080432...
[2026-04-01 08:04:32]   Trades=132, WR=67.52%, PF=5.01
[2026-04-01 08:04:32] Evaluating Volume_Surge_20260401_080432...
[2026-04-01 08:04:32]   Verdict: REFINE (score=0.6)
[2026-04-01 08:04:32] Committing to GitHub...
[2026-04-01 08:04:32]   Committed: REFINE: Volume_Surge_20260401_080432 PF=5.01
[2026-04-01 08:04:33]   Pushed!
[2026-04-01 08:04:33] Iteration 7 done. Sleeping 60s...
[2026-04-01 08:05:33] 
--- ITERATION 8 ---
[2026-04-01 08:05:33] Fetching market data...
[2026-04-01 08:05:37]   BTCUSDT: OK
[2026-04-01 08:05:40]   ETHUSDT: OK
[2026-04-01 08:05:43]   SOLUSDT: OK
[2026-04-01 08:05:46]   BTC-USD: FAIL
[2026-04-01 08:05:49]   ETH-USD: FAIL
[2026-04-01 08:05:52]   SPY: FAIL
[2026-04-01 08:05:52] Generating strategy...
[2026-04-01 08:05:52]   Generated: EMA_Cross_20260401_080552
[2026-04-01 08:05:52] Running backtest for EMA_Cross_20260401_080552...
[2026-04-01 08:05:52]   Trades=86, WR=69.31%, PF=1.93
[2026-04-01 08:05:52] Evaluating EMA_Cross_20260401_080552...
[2026-04-01 08:05:52]   Verdict: REFINE (score=0.6)
[2026-04-01 08:05:52] Committing to GitHub...
[2026-04-01 08:05:52]   Committed: REFINE: EMA_Cross_20260401_080552 PF=1.93
[2026-04-01 08:05:54]   Pushed!
[2026-04-01 08:05:54] Iteration 8 done. Sleeping 60s...
[2026-04-01 08:06:54] 
--- ITERATION 9 ---
[2026-04-01 08:06:54] Fetching market data...
[2026-04-01 08:06:57]   BTCUSDT: OK
[2026-04-01 08:07:00]   ETHUSDT: OK
[2026-04-01 08:07:04]   SOLUSDT: OK
[2026-04-01 08:07:07]   BTC-USD: FAIL
[2026-04-01 08:07:10]   ETH-USD: FAIL
[2026-04-01 08:07:14]   SPY: FAIL
[2026-04-01 08:07:14] Generating strategy...
[2026-04-01 08:07:14]   Generated: BB_Bounce_20260401_080714
[2026-04-01 08:07:14] Running backtest for BB_Bounce_20260401_080714...
[2026-04-01 08:07:14]   Trades=156, WR=64.91%, PF=4.32
[2026-04-01 08:07:14] Evaluating BB_Bounce_20260401_080714...
[2026-04-01 08:07:14]   Verdict: DEPLOY (score=0.86)
[2026-04-01 08:07:14] Committing to GitHub...
[2026-04-01 08:07:14]   Committed: DEPLOY: BB_Bounce_20260401_080714 PF=4.32
[2026-04-01 08:07:15]   Pushed!
[2026-04-01 08:07:15] Iteration 9 done. Sleeping 60s...
[2026-04-01 08:08:15] 
--- ITERATION 10 ---
[2026-04-01 08:08:15] Fetching market data...
[2026-04-01 08:08:18]   BTCUSDT: OK